-----BEGIN STRICT TYPE LIB-----
Id: stl:LimFmxJl-tGEASf_-FAgSR87-1P4fqMX-yX2Suun-b66alzM#parade-salt-escort
Name: RGB21
Dependencies:
	Std#delete-roman-hair,
	CommitVerify#evident-junior-lobby,
	RGBContract#daniel-charter-lorenzo,
	Bitcoin#signal-color-cipher
Check-SHA256: 9aacb9498559c5e876d52afa86452c214dd06605b17f14b59abf84bfa8d52dfa

1yV;sGBE^#iR(=d3vg7gbV~*3!PlK51EySK%g?1}nECovJTYnmQ*>msq+Q(ydej4Q?%klMB%WVt1@{p(
GqO3T@|=vy*tpRQLvL+uX>?X)a%pCH$aS?t*&YW@C^7KA4jpgxb@DFi{Q0nirALa(-9dT=3sOfyLvL<$
a$#e1^=uPjBlbC`N(qzPM@Gr{imSMTSY5T*7C#t%#3&jH2SRCdV{d701P4NCbYpL6ZUX=z<32;hs$B9Z
CsU(1!DsC|W1LOd&b_IRG-(&Q$wPGnR&RB5qk=;7%h%D+p%U7S;b1RT)c9`>#Kd;Rz-U=aO9W+B1XOrw
Waw%@&0Hn<z2b!bX{8Y|r$H+rRlN>Y62ZUYgq2{$1_)1ebZ~EJZgdPoZ*6U9bXH|@X=Zr^01uZ;{k*I;
7pV+t>&<7Qmy9yt7e0i054>(m(xrog9uHDwb7gXNWn@BmbY*ihF<MPvd1rJ=zH?=CO>u4OuO`es09KpC
rbudmt8JsxU=LDdb7gXNWn@BmbY*igG}ffU{Fb_JFO)>hVN-M&uL(Ur$HvL{l-G_mXx7>q8xK-tb7gXN
Wn@BmbY*ihFx@X2uY{Nju%*snXy<ZnqbNp_<7tD-Qjh!`=y^pv4-Zmhb7gXNWn@BmbY*igIQ0Xz{}U}7
N_FKKUSPaLAHF=2i8p$_y6ZH~!&uZV7!Oiqb7gXNWn@BmbY*ifHVaZmLPKwEbaG*1bOQh^(1(fyzwA>S
!$n#u6S1nTRGk@R4(*?9Lq&h?hT7i=L349ubWUMyWkO&O1U=q3ow^#055vFLn6Akd^6#+qX1VGywP4zt
Z3a|nV{2t{O*~z}%=$I?f7YOucOCy+{OgXCoIK%e$FPQ5iBpQ22SjCbVQFl015<Ql1OQ0BBNr;@ghiU?
gEXK9KMDE{F?;HZBRuDVqlk6qmbeZ<b7N^~P;zN*bYWs_WnW$<<;4X&8%0D>TgISeJ)kNFk^3<bZE>Xf
*%skbRR}?BaA;vpb!~zpfb@0n?X<PrQF)QxbC9i~+p~2nOa^FCssUpHmcj)=Y;b5{`4<QT-L3?A_|>m;
t2@#H=ITLm*{QiV2NfFIf5Z%-3PEgeXkk-rVQg#?0182LbYWv?ZDnqB1_A_hd2nR`u?^n-fFP~dpvnj-
AyBKaJW)+{-ce}5$#DguerIN224rbxWpi`@2LJ#-AOH?QbaY{3Xl-R~bWUMyWd#8M2m*qM>rD>}a8$2!
O9kk`*PSB+rd(so&!uOW`TABoF=|M@BNr;@ghiU?gEXK9KMDE{F?;HZBRuDVqlk6qmbd``00000000yK
00000000g_baY{3Xl-R~bX0k8Wd;HQX=DHZ0R(PgZDj#Yv2mE%&TgwSUGkR*P7%_A5oQ+`)ww4sj&F4y
v21M(MQvhbWMpMzO=V<hVFm&Oba`-P0kI9<{(vB@*r3V?DIrj+u{=>tcHU8F!O3w2qJC#)U<71gbYTDp
002M$0000000030{{R300000DMrATJHbHD@XKpbvI0XR$w4`0#2YS>4a_-%rs3e|WY6bTZH8Zj~sPdeQ
%GkKk^#iv56D=G{b>$geV7x>hzC4nNH+sIh>om^8Skx{U3`S)#H8w$PX=iRRHU$9!w4`0#2YS>4a_-%r
s3e|WY6bTZH8Zj~sPdeQ%GkKk)}+Jymbz~*ltj&8Q*;@x2|Yi@#>x1U*N!!4*4i2y3`S)#H8w$PX=iRT
G6ewww4`0#2YS>4a_-%rs3e|WY6bTZH8Zj~sPdeQ%GkKk-7gxigqRDkrOsh!=W=eNC`OXwX@kpBkNh0y
c||-A3`S)#H8w$PX=iRWGz9?yw4`0#2YS>4a_-%rs3e|WY6bTZH8Zj~sPdeQ%GkKkT1{YiXLL%wb7gc*
ac%3bCd@tnR-448NNRzrZKKm*3r1x!H8w$PX=iRY1pxxIq+Q(ydej4Q?%klMB%WVt1@{p(GqO3T@|=vy
*tpRTmrVV<tTq>^3~KAmXQP*lGT;|JgnJLXZcEaogM%InO=V<hVNzvhPGN0j1pxpB0s?}G>rD>}a8$2!
O9kk`*PSB+rd(so&!uOW`TABoF>3i22n5}(1bO(?uXL+B(gNn{L2}utxi<$D8ry%w450uB0X)&7oy@J9
k$WaEUx}!s`ym)GDo%67tO|Gy=Bof+a{vGU0000006zc#0000000~WHWNBekd2nS00|az=aAg4;uyu|U
!T^j90F36+)E=H0H{s0>nH0sEektM3d!V}qb9G{Ld2nR_1OfmAZf|a7000011aog~WdH>M0UWS(jugTG
j1K^e=F-$2o*6gc%@3Ir#hQL8;m&)Yy9Z-vVRCb2bN~bb00eGtZe;)f009JZZ*64&1pxsZuyu|U!T^j9
0F36+)E=H0H{s0>nH0sEektM3d!V}rO=)dqLug@g11$t)cw=lK1ZZJ%Xd?z>Z)|K~awG#`ZEz+8aBOvR
D+FX=b7(CCWN&mX1bSt1Z!iOIZe=k8ba!tu1$1a~Wo0u2W^Z+JGz4a8c4ajKb7^=s1#@L~Wo|bGWoc(<
bT|ZVX>MgX1!G}yWprK!Y;R;?b7)@yVPOGcVgX}g0c2zWWn}?oW&vks0cdCeX=wp!Y5{9&0c>mmZEXQ=
ZUJv^0dQ~uad821ashL50d#Z$b#(!Db^&*H0eE-;d3gbPdIL^obOr+obZ={AZb@!rWq1K)0aiogNR0FM
6f^;O*CpsE^1w^{LCiZR_61McH**~YVQgt<ZUF<?*K?B<J%~$DPF&kG$&*z)Vm@|T`vB*0e+BfDmwO0i
a$#e1X>V=;8SCbq6L3i3S#QDT=}@l<WWjb{DdZ9)t1T<^=U`lS3{GZrMQ&$uVRmV5X9fZZVQ_G4X=P+o
ZvkZiRzu`SjPv&tGy!?nCFm&fz)So=%sVIc1y9;Ha~%g`Z*FvDZgc?-s;(M&rv!7X$EJo+{V&1)03O%U
?m&Rq5}b^8af15?PG)pdaAji#2nA_wWMy~(WdT-0<VcM3_Y^b%dDkWADDuEd{6Wk+C-wzT+Bb6@26Sm-
Yh`i(1OfmAZf|a7000011aog~WdH>M0?2i>L)jh&PAD<(zYZO5^>y+t>iqezgr!G{%iTeG20~yE1U=q3
ow^#055vFLn6Akd^6#+qX1VGywP4ztZ3J#%ZDjxi0ssVVZ*FA(00035b8l^B00jX8$aS?t*&YW@C^7KA
4jpgxb@DFi{Q0nirALa(-9dT=EYOFF1i$Q49K%IgDig7)tyG;EWe)A1Z9_$W?uOdm2V`Y*VQFl000aU6
1a5C`WdHyG0R(ezZDjxj0RqT%wL{q+2Tmw4@V^cnZ}oNZF6#XGu!N;Yip$+WdIn8AUBS%yHTi$mpq6(X
|6Kg*j+C4{;cdsThFghKikb&-a%FaDWp@As0ssVVZ*FA(00035b8l^B00jX74yvvid8Y((tjDH?QT;E$
{{SA>((XWj*%F+LcX5LI1#M+yX<+~a0ssVVZ*FA(00035b8l^B00jX7L#ltp_Vr{><)W@$8mW*%&FhDh
LgP$wKlOrtu`}L^3t@D0VPj}*Wo~qH015yA0Rcm*f5rCoWKZRyu3j3ckV4Jthm=C&OmaW<f`73y-iiPK
00000000yK00000000PbWpib6c4cz_1OfmAZf|a7000011aog~WdH>M0S?j{I~j%e^<NtQ$0i+BA8V^i
@&?VsNd3!~x5P*Z%?(d?Ze?Ufa$#e1X>V=?0RR994^VP%Z)Q(sQe|^xa&~2N1_A_iba-z9^=uPjBlbC`
N(qzPM@Gr{imSMTSY5T*7C#t%#3&jH=xRXCTqXIv;)MTcr4cfxK`S9uy$)6q!N22#m0-mN1#oh2Z)N}p
002M$0000000030{{R300000ARBvl#Zb@!rWq1Vv000C

-----END STRICT TYPE LIB-----

