-----BEGIN STRICT TYPE LIB-----
Id: urn:ubideco:stl:3fBnXip46niMT1D8QMxdjpndX4gunQHYBHQo8Ln65GXy#armada-piano-shine
Name: RGB21
Dependency: 62pJgRAEXfW3WDNXsx2UsoRpAMrrYBXWvDouGd59rxNs#prefix-flute-jordan
Dependency: EcCNgrgLaygt3tCZNu2ZVEzMzSAZYEUeTNAVi5E81YWi#aspirin-mango-average
Dependency: HX2UBak8vPsTokug1DGMDvTpzns3xUdwZ7QJdyt4qBA9#speed-atlanta-trilogy
Checksum-SHA256: f07062c0a5ac4d2f90cc9af7701bf15cba6d1333c1b084e6884c7803a76bc4e4

1yV;sGBE>6!GO=<yn#`t)xA#VzbA#QRpgcPK996>9sd}t=ziD>Qb$5VZ*FvQVPka
4EFN!zncXl9K5w2;FV{y1jDTJCC^p$-mHEbO0#qjhQ*>nYY!hN5_Bp3Y36tDMM#=
e#tGI($UA5U3KNx<*C>ja}LTPkkZ)t7=2SRCdV{d700{|i8K10Q-T=FR=Q=>S+XY
D&<oK4xzy{V5hX&1W5Lv;jJZ*_E|f<p7l*U`|S655U7U@unG_-_ux#CFBNXjx241
Z7qPRCsA*=xRXCTqXIv;)MTcr4cfxK`S9uy$)6q!N22#m0-mN2v2o%aBpdDbPG~P
LPKwEbaG*1bO!(q(i%G%h4}Sf8vn;89aSG|t4s0*&BRFk%a^yrND0jkP;zf?W>02
PWpib6c4c!W*UEsSwS~9!H1;8E`MH`F^i{6CWrc#SP77V|nA1-RL3DIsV`yz<Zge
bV0wF~`WClEa&cnhTyJ1Mf*%?0$I?YMaX;dWS*T4i$VQpnMIx%d%Oq{mkgw@OmAW
mkuuK88HC3<q)Js?hBP1vpsO=V<hVNzvhPGN0jKPz&##IG7-47St%2#c>Z5R>jkT
b_MKDq#SE<Vn}$2SjCbVQFl0;o^G0ej${4WA!8u79?bk4X25CC7QQLyiN;h%mu-W
2~A~WX<<}(aAo*lQC7-Ok%&XUyoi%;Q)lK6-ubpX6j-oDZ7wj}x<v+5X=7_;asyL
zWCH+5z9SbZ=!8X@=Yuq$20sb<4l#S`iz7Vef}@Ca=a#q*L33kiX;5-$ZggQ{Y-N
HYfb@0n?X<PrQF)QxbC9i~+p~2nOa^FCssUpHmcj)=Y;b5{`4<QT-L3?A_|>m;t2
@#H=ITLm*{QiV2NfFIf5Z%-3PEgeXkk-rVQg#(0182DY;R*>bZKvH1p)zO0aiogN
R0FM6f^;O*CpsE^1w^{LCiZR_61McH**~U8SCbq6L3i3S#QDT=}@l<WWjb{DdZ9)
t1T<^=U`lS4ncHuVPj}*Wo~p%VQpmv0RRXB$}AplgPGkh3_fq3Q7_j=2#kPT_9!;
lWR>~GYywm#NWLQ%D(Hkon&*Qwpawq)`VKLB>Wd>h=Ype%b?2720RR91000006aW
AK000004ncHuVPj}*Wo~p-d2nS00s?7d00035ZeeX@0Zy@TnA*;6t215lmk3S~(t
;6Y7Z=sJCn}C_bsn*7Z4E_jVr67xWn@idWNBdr0t9q<aAg8Y!GO=<yn#`t)xA#Vz
bA#QRpgcPK996>9sd}t=ziGY;(EY-A(VP!^&}7$BxH{br-^tanzu;2P77+x1;LC2
WMOn+00;m8KmY&$000000RR600000001ZWMXL4b7X>MmkVRT^z0tsPoaBOL1WK?e
fWdT-0<VcM3_Y^b%dDkWADDuEd{6Wk+C-wzT+Bb6@2V-w;bY*UI0jtcYPgR<?BD0
M%i0<vfL@d?+yG--btu?#6Y@4Q`eF{l*Wo>gqZ*^{T1pxp61PxDjZe?Ufa$#e1X>
V=?0RR992~=-uWo|@abYTVv1!-<%Wq1K)0aiogNR0FM6f^;O*CpsE^1w^{LCiZR_
61McH**~ZbZKL2WpV%n0ssVVZ*FA(00035b8l^B00jX8O2L57;k<!Sr`5eq=f5X~
tySce^FEKXa~=N}tmuB&_+U|1%21JrL%_U<lW$XJ<`3TawmcMAutjYyFx<LD1a4t
%WdH;M00eGtZe;)f009JZZ*64&1pxv|!GO=<yn#`t)xA#VzbA#QRpgcPK996>9sd
}t=ziENWdb2ZJ!A$vea^$e9lK#j!`T@>4m!<A(rHvA<k!FlWMy<=X>4-<1OfmAZf
|a7000011aog~WdH>M0!qPv&*8j*QK!|tPUpWTg{@WOmGeH2v~wN*7_8`i*gq?Bx
5Td+V+^*_{|Jk(H4u~TMq8eJM=D_eg5*ip<OgtaWp-(0cK`$e00eGtZe;)f009JZ
Z*64&1pxu8%&1RQnztgejWdYu?ZZSY)&ILp^V6+0yS!|hrlEZWZDnL>VE_aI00eG
tZe;)f009JZZ*64&1pxv|!GO=<yn#`t)xA#VzbA#QRpgcPK996>9sd}t=ziEH*UE
sSwS~9!H1;8E`MH`F^i{6CWrc#SP77V|nA1-SVRUq1V`yz<Zgg`13IG5B0!qPv&*
8j*QK!|tPUpWTg{@WOmGeH2v~wN*7_8`i*e2J?fTOjAxAipkA#C}%nilj`uDxZ2g
04;rUGSLGPXGV_0000002BZK0000000?qrb7gXNWpe-o0ssVVZ*FA(00035b8l^B
00jX8O2L57;k<!Sr`5eq=f5X~tySce^FEKXa~=N}tmuB&4$>Ms8HM=uUmE|%CLL8
DYpYB02F=7s{mYlP#7GIv3RG`vWo}7sWMy~-0RR95

-----END STRICT TYPE LIB-----

