-----BEGIN STRICT TYPE LIB-----
Id: stl:$nNyOoei-!voolWH-$1WgNyl-qr9N7b5-4NWJHzx-8W4wyA4#panel-sharp-fire
Name: RGB21
Dependencies:
	Std#ralph-blue-lucky,
	RGBContract#atlas-iron-figure,
	Bitcoin#signal-color-cipher
Check-SHA256: d874a32bed9a5d60de1d543ffd6bc40e7d109940149d6bbafb152feccd7075bd

1yV;sGBE?nEFN!zncXl9K5w2;FV{y1jDTJCC^p$-mHEbO0#qjhQ*>nPX{cJSJdCo*`M?#tiu^i$iy$)<
e#(pBxs^w;|C1&QQb$5VZ*FvQVPkalY!hN5_Bp3Y36tDMM#=e#tGI($UA5U3KNx<*C>ja}LTPkkZ)t7=
2SRCdV{d700{|i8K10Q-T=FR=Q=>S+XYD&<oK4xzy{V5hX&1W5Lv;jJZ*_E|f<p7l*U`|S655U7U@unG
_-_ux#CFBNXjx241Z7qPRCsA*=xRXCTqXIv;)MTcr4cfxK`S9uy$)6q!N22#m0-mN2v2o%aBpdDbPG~P
LPKwEbaG*1bPE6u(i%G%h4}Sf8vn;89aSG|t4s0*&BRFk%a^yrND0jkP;zf?W>02PWpib6c4c!J>*k#k
a7f`<Z^7s3P_GJP!FFFM<Ps#SEi3frU|e?%Pj_x*WJYpfV{~b6ZXB?6jugTGj1K^e=F-$2o*6gc%@3Ir
#hQL8;m&)Yy9`ZbWNBeiWoJ%dZDl;sqMgjGn~{4aFkgwNr28QlFe*-S#jFZ=4d$x=UULXdX>DagXkl_c
D{{BQuNq?vw$uLzi?1~hlkP@ao_$9uVE}^UN!R2DL}hegX>4;ts(;1y^<+=wqOM*VsgOd=>xYy=<4kft
^@4w~Gv0~{L3DIsV`yz<Zgg9BERL~X*GB-yl0o(lkJ>lqHnaUkDzF#MO+`-nfvN^nX=7_;a$%M>%4ULr
1<ejgf(t+r3814S#jwSX1XDu@ATp{8?hQ_6bU|!vZ)0I}X>V?20aiogNR0FM6f^;O*CpsE^1w^{LCiZR
_61McH**~dRBvl#Zb@!rWq5#I#k^Az$U%@qU7>2Bz={du0O&G0&#r1CLJBFZ06hdwVQpox4c`8MAg$P-
$_ObTP^+;#QB8K<QE0)*aRs7&XJ%jtO=V<hVN`i=Wdl=mWCQ?6z9SbZ=!8X@=Yuq$20sb<4l#S`iz7Ve
f}@Ca=a#q*L33kiX;5-$ZggQ{Y-L|wCgsHiJR3zsQCr5KWj&xO2a)?R5p8j#`q>uYQ&k8-Y;b5{PIYa9
BY^aE@a?p<+);Uv-gA(xqT91|EKCMyQK|uB0+zxBL2PhnVfhyb1l_I#dHB_@bgMhk0_N&La@nc5HwP6O
+keCip$b84aA;vuZDDL|1^^C0baY{3Xl-R~bWUMyWd#8M2m;D19&dx0-7pM3Z=O*v*GCA9fL-<|HrZsA
`NnJlR3}KjBNr;@ghiU?gEXK9KMDE{F?;HZBRuDVqlk6qmbd``00000000yK00000000g_baY{3Xl-R~
bX0k8Wd;HQX=DHZ0R(PgZDj#Yv2mE%&TgwSUGkR*P7%_A5oQ+`)ww4sj&F4yv21M(MQvhbWMpMzO=V<h
VFm&Oba`-P0_<t1TCY5evdQ_t6}*c4I(~~FGZlWyi{QDHN3s8tCb13P{(vB@*r3V?DIrj+u{=>tcHU8F
!O3w2qJC#)U<71gbYTDp002M$0000000030{{R300000DMQ&$uVRmV5XGCFiVFm&TVQ_G4X=P+oZvyOT
s9LW)jIzo3z!kiT{5pP%ATt$y%8TH+l}EAvlO|;WRzu`SjPv&tGy!?nCFm&fz)So=%sVIc1y9;Ha~%g`
Z*FvDZgc?-s;(M&rv!7X$EJo+{V&1)03O%U?m&Rq5}b^8af15_Npxjxb3<=+Zgd3!000CDRBvl#ZbV^p
VFm~VX>Md?cmnKcs9LW)jIzo3z!kiT{5pP%ATt$y%8TH+l}EAvlO|;WRzu`SjPv&tGy!?nCFm&fz)So=
%sVIc1y9;Ha~%eBX=7_;asUJZ00eGtZe;)f009JZZ*64&1pxx=X{cJSJdCo*`M?#tiu^i$iy$)<e#(pB
xs^w;|C1(LcPx&vU)M(f$C5$z50Bb6=QgwbMk=ru&P_#5`hlthZeeX@00aU61a5C`WdHyG0R(ezZDjxj
0Rrr4s9LW)jIzo3z!kiT{5pP%ATt$y%8TH+l}EAvlO}*(#k^Az$U%@qU7>2Bz={du0O&G0&#r1CLJBFZ
06hm}WprU_Y;ynv0ssVVZ*FA(00035b8l^B00jX8>}jZ4uRM&h$@#z)yo&rfev2S86@JQ#;JKAYvHz1M
KPz&##IG7-47St%2#c>Z5R>jkTb_MKDq#SE<Vn}$2XJy_c4=jI00aU61a5C`WdHyG0R(ezZDjxj0RaxG
t{Qo#1aqv%riM}dFTwu+9@o<DK!Dj2oQ!vIg8Kz+Wn^h#00aU61a5C`WdHyG0R(ezZDjxj0Rrr4s9LW)
jIzo3z!kiT{5pP%ATt$y%8TH+l}EAvlO{u|f5rCoWKZRyu3j3ckV4Jthm=C&OmaW<f`73y-iixhbaY{3
Xl-R~baMa-00033>}jZ4uRM&h$@#z)yo&rfev2S86@JQ#;JKAYvHz1ML#ltp_Vr{><)W@$8mW*%&FhDh
LgP$wKlOrtu`}L^00000000006aWAK000002y$g}WpZ|9a{vSa00eGtZe;)f009JZZ*64&1pxx=X{cJS
JdCo*`M?#tiu^i$iy$)<e#(pBxs^w;|C1&T(i%G%h4}Sf8vn;89aSG|t4s0*&BRFk%a^yrND0j

-----END STRICT TYPE LIB-----

