-----BEGIN STRICT TYPE LIB-----
Id: stl:7GmoWq88-jLLJ!cA-VvIr8On-6LIDMVf-sqL4LmV-R7H$kyY#atlas-iron-figure
Name: RGBContract
Dependencies:
	Std#ralph-blue-lucky,
	Bitcoin#signal-color-cipher
Check-SHA256: 25f87c77ba721b8392a2bd33ce56b2dacbef4c9c0af13dbe361cb9a3830c985f

3sOfyLvL<$a$#e10?I5NZ-bfLFbqC#o>4E?M+l67UG^w8*<_XZ#%uyqCj(P-Wc6$lVk7oBr%DNv+($;q
`HHK!gIHa)*%m(-e#9sm3I{@IbYpL6ZUP5FX>?<6X>J1mA>%$n#j0HLDJN5-IKgM_J7b(p+0MPGk2Gl)
y2(Rz1Xgc#bfbbo^UK%K(4i9Ajp1M~R@C@!4#dQE#lUD;OiKi1Rs>XdX=LbXK+Rkw`Mu(V|7oQWGN(Z+
AyvH&RuaL#<Ajx9#RdpZb#!oVX>N1_Q*>km07$+g7b@t4MVjY>G@u4Q3HlB(d+LiLJm-R=h;`?dxDG*c
V`*tna%paKVPb4$UtT8V#RWVYMMP0s#-L?ApehHE`!Nx1aisd$7U5G>2tjOcXkkuuZGt0!^mXv<w6)w(
d6C|8kgcNIvvn*?253>L0b>G|!UaKWaA;xq7YGF1t^|4b)vt7`JJJH?>OpeZskt`?6&l-r#0;SdL2Phn
VN-2kY-|(&20?9ab#8P80RR992SIXlX=7|<1pxpB0s_h`9&dx0-7pM3Z=O*v*GCA9fL-<|HrZsA`NnJl
R40NXfb@0n?X<PrQF)QxbC9i~+p~2nOa^FCssUpHmcjrC0?I5NZ-bfLFbqC#o>4E?M+l67UG^w8*<_XZ
#%uyqCtqGB<;4X&8%0D>TgISeJ)kNFk^3<bZE>Xf*%skbRR9100000003QGV0000000}{Jb7gc>aAji#
1O{|zV{2t{0b6%0j<H|YM*zo?LG}-i+BfGmv;9UYuouovMNayGsswIfZDj#~Ud6mq639W2L|vh3p}>j>
;{fO~I?t|ZBSH!(tpGg-WMy<=X>4-<1OfmAZf|a7000011aog~WdH>M0Y58px5Td+V+^*_{|Jk(H4u~T
Mq8eJM=D_eg5*ip<Oy(cWn*b`X>V=;T?51yjj4`)KRWY6<C%SQARQ6(Co<2zqOePjKk;883PE&qVPj}*
Wo~o^0t9q<aAg6p4c`8MAg$P-$_ObTP^+;#QB8K<QE0)*aRs7&XJ%jqWNBw*b94X)002NB00=^La&Ap!
bYTVo3SxC~ZcuV>Z)S4<2>}k$8ao+<`1M~J|HmdBRUd1sOY#QI#7O<im$$@73C#ci000000096000000
000a_Z*FvQVPkYtaAji#1P5VqbZKL3WdH;M00eGtZe;)f009JZZ*64&1pxte|L{F3!Q^Ra!2RoXYALLm
teB)ukob+Oz|T1Ad@WxDZeeX@0f1h`yi*d$L6AgUp=zPPiV5QY=rTIbu4*Gf3Ms7sJqKiEbYW?1a{vSa
00eGtZe;)f009JZZ*64&1pxs+D{{BQuNq?vw$uLzi?1~hlkP@ao_$9uVE}^UN!R2FaB^j1X>)0BZUJ2b
#21aJj($Hn^F!mAeRLol5%ecA&%UCtOO8MBUm^`dZ*FvQVPkYuWpZtE1_A_hWq5P}7|WDz5|hsu4xM=1
##_akM=$^Wt^4(jv6#$*DE3PM1#M+yX<+~a0ssVVZ*FA(00035b8l^B00jX7L#ltp_Vr{><)W@$8mW*%
&FhDhLgP$wKlOrtu`}L^2SjCbVQFl01pxpE00992000000093000000000R|b8~fNO=Wap1_20iWpib6
c4cz_2>}k$8ao+<`1M~J|HmdBRUd1sOY#QI#7O<im$$@73C#ci000000096000000000b4Wn^h#Qe|gO
VQpmv0RRO80?I5NZ-bfLFbqC#o>4E?M+l67UG^w8*<_XZ#%uyqC;1l$1l_I#dHB_@bgMhk0_N&La@nc5
HwP6O+keCip#TU0Jkg?^%&nV|dnPbniKwLeAs8?!PIJYq3V03Xs{mee0000000000KL7v#000002~A~W
X<<}(aAgJq1ax_DWdR(pb&eFm0E`a+jONnR9-bLD;mr@36vdi;DdEn0pt}cibz*dRaAg1l0ssVVZ*FA(
00035b8l^B00jX79I$nc6v6<E4*-nj($pTF88_k051ACjntmza&U>J{2V-bqa&u*L00aU61a5C`WdHyG
0R(ezZDjxj0RbGab&eFm0E`a+jONnR9-bLD;mr@36vdi;DdEn0pt}f7X>DagXkl^#Ed*tFV{9P=Xkl|`
BL-w|Y;0k2Bm-e>a3%zBY;|)h1Y}`zXe|R|Z*(pMdS!BNFavLHWibPEcW*KUbZByAWite3Z*_7s1ZHV=
Wi<nHX?QjTb7gjAZZ`#GX=iA3I0SBKZe=+IV_|Y-bY2E*Z)9O}XkP(gVF6-d0b^qUWMlzlWdUYp0cU3c
XlMaxX#r|#0c&dkY-|B-Z2@j>0dH>saBu-}aRG920dsQ!baVlAbpdvE0e5!+cz6MMc>#KQ1WsXXWd#8M
1p)%fEFN!zncXl9K5w2;FV{y1jDTJCC^p$-mHEbO0#qkRz9SbZ=!8X@=Yuq$20sb<4l#S`iz7Vef}@Ca
=a#qt2m;D19&dx0-7pM3Z=O*v*GCA9fL-<|HrZsA`NnJlR3}KjBNr;@ghiU?gEXK9KMDE{F?;HZBRuDV
qlk6qmbd@_00000001Wd00000000e6W^_SpY;R*>bZKvH1p)zO0aiogNR0FM6f^;O*CpsE^1w^{LCiZR
_61McH**~U8SCbq6L3i3S#QDT=}@l<WWjb{DdZ9)t1T<^=U`lS4NrG&Wn@NjVPkY@Z*Bzv000OHP;zBs
X>)0BZUYkwX>Md`c4>2IVr*pq1Y~7nX#oXeWo~q70tIbpY;0)*31nqsX-#QtY-t1vV`Xl1X-#QtY-t4r
ZE0h2Zw3iuWn*bgX=8G42MS|lZggo)X=8G42n23nZf^+)WMyM%PGN3u3JGInZggo*VQy~=1aN6%Zwv@z
Wn*bjX=85<31ek$bZJm&V{Z-xW@T-3Zx0D%Wn*bZWo>kC5DH^uZggozWo>kC5d>j$bZ-(5P;zf?W>02P
Wpib6c4c!00t9t*cy9vrY!hN5_Bp3Y36tDMM#=e#tGI($UA5U3KNx<*C>jdrYCz3gCHcMLg#T%!5i+Mi
D<M_A4ptJuzvG0JV8sRnaB^>NW&j8P06+i$000000096000000000qEX=7n>WNBe;LvL<$a$#e11pxpE
00961000000096000000000J5X=7_;as>eZ1p)%fEFN!zncXl9K5w2;FV{y1jDTJCC^p$-mHEbO0#ql0
BY^aE@a?p<+);Uv-gA(xqT91|EKCMyQK|uB0+zx62m;D19&dx0-7pM3Z=O*v*GCA9fL-<|HrZsA`NnJl
R3~3vCgsHiJR3zsQCr5KWj&xO2a)?R5p8j#`q>uYQ&j)}00000000L700000000V9Z);_4Np56icm)9f
00a

-----END STRICT TYPE LIB-----

